<?xml version="1.0" encoding="UTF-8"?>
<testsuite xmlns:xsi="http://www.w3.org/2001/XMLSchema-instance" xsi:noNamespaceSchemaLocation="https://maven.apache.org/surefire/maven-surefire-plugin/xsd/surefire-test-report-3.0.xsd" version="3.0" name="tp2.demo.DemoApplicationTests" time="3.291" tests="1" errors="0" skipped="0" failures="0">
  <properties>
[...]
</properties>
  <testcase name="contextLoads" classname="tp2.demo.DemoApplicationTests" time="0.913">
    <system-out><![CDATA[15:51:37.315 [main] INFO org.springframework.test.context.support.AnnotationConfigContextLoaderUtils -- Could not detect default configuration classes for test class [tp2.demo.DemoApplicationTests]: DemoApplicationTests does not declare any static, non-private, non-final, nested classes annotated with @Configuration.
15:51:37.451 [main] INFO org.springframework.boot.test.context.SpringBootTestContextBootstrapper -- Found @SpringBootConfiguration tp2.demo.DemoApplication for test class tp2.demo.DemoApplicationTests

  .   ____          _            __ _ _
 /\\ / ___'_ __ _ _(_)_ __  __ _ \ \ \ \
( ( )\___ | '_ | '_| | '_ \/ _` | \ \ \ \
 \\/  ___)| |_)| | | | | || (_| |  ) ) ) )
  '  |____| .__|_| |_|_| |_\__, | / / / /
 =========|_|==============|___/=/_/_/_/
 :: Spring Boot ::                (v3.2.2)

2024-03-08T15:51:37.929+01:00  INFO 7780 --- [           main] tp2.demo.DemoApplicationTests            : Starting DemoApplicationTests using Java 18.0.2 with PID 7780 (started by jeanm in C:\Users\jeanm\OneDrive\Documents\BUT\cours_s4\servicesWeb\tp2\demo)
2024-03-08T15:51:37.932+01:00  INFO 7780 --- [           main] tp2.demo.DemoApplicationTests            : No active profile set, falling back to 1 default profile: "default"
2024-03-08T15:51:39.413+01:00  INFO 7780 --- [           main] tp2.demo.DemoApplicationTests            : Started DemoApplicationTests in 1.772 seconds (process running for 3.093)
]]></system-out>
  </testcase>
</testsuite>